<?xml version="1.0" encoding="UTF-8"?>
<testsuite xmlns:xsi="http://www.w3.org/2001/XMLSchema-instance" xsi:noNamespaceSchemaLocation="https://maven.apache.org/surefire/maven-surefire-plugin/xsd/surefire-test-report.xsd" name="com.arvato.baboci.BugSystem.BugSystemApplicationTests" time="8.006" tests="1" errors="0" skipped="0" failures="0">
  <properties>
    <property name="sun.desktop" value="windows"/>
    <property name="awt.toolkit" value="sun.awt.windows.WToolkit"/>
    <property name="file.encoding.pkg" value="sun.io"/>
    <property name="java.specification.version" value="1.8"/>
    <property name="sun.cpu.isalist" value="amd64"/>
    <property name="sun.jnu.encoding" value="Cp1252"/>
    <property name="java.class.path" value="C:\eclipse-workspaces\neon-workspace\BugSystem\target\test-classes;C:\eclipse-workspaces\neon-workspace\BugSystem\target\classes;C:\eclipse-workspaces\MAVEN_REPO\org\springframework\boot\spring-boot-starter-data-jpa\2.0.4.RELEASE\spring-boot-starter-data-jpa-2.0.4.RELEASE.jar;C:\eclipse-workspaces\MAVEN_REPO\org\springframework\boot\spring-boot-starter\2.0.4.RELEASE\spring-boot-starter-2.0.4.RELEASE.jar;C:\eclipse-workspaces\MAVEN_REPO\org\springframework\boot\spring-boot-starter-logging\2.0.4.RELEASE\spring-boot-starter-logging-2.0.4.RELEASE.jar;C:\eclipse-workspaces\MAVEN_REPO\ch\qos\logback\logback-classic\1.2.3\logback-classic-1.2.3.jar;C:\eclipse-workspaces\MAVEN_REPO\ch\qos\logback\logback-core\1.2.3\logback-core-1.2.3.jar;C:\eclipse-workspaces\MAVEN_REPO\org\apache\logging\log4j\log4j-to-slf4j\2.10.0\log4j-to-slf4j-2.10.0.jar;C:\eclipse-workspaces\MAVEN_REPO\org\apache\logging\log4j\log4j-api\2.10.0\log4j-api-2.10.0.jar;C:\eclipse-workspaces\MAVEN_REPO\org\slf4j\jul-to-slf4j\1.7.25\jul-to-slf4j-1.7.25.jar;C:\eclipse-workspaces\MAVEN_REPO\javax\annotation\javax.annotation-api\1.3.2\javax.annotation-api-1.3.2.jar;C:\eclipse-workspaces\MAVEN_REPO\org\yaml\snakeyaml\1.19\snakeyaml-1.19.jar;C:\eclipse-workspaces\MAVEN_REPO\org\springframework\boot\spring-boot-starter-aop\2.0.4.RELEASE\spring-boot-starter-aop-2.0.4.RELEASE.jar;C:\eclipse-workspaces\MAVEN_REPO\org\springframework\spring-aop\5.0.8.RELEASE\spring-aop-5.0.8.RELEASE.jar;C:\eclipse-workspaces\MAVEN_REPO\org\aspectj\aspectjweaver\1.8.13\aspectjweaver-1.8.13.jar;C:\eclipse-workspaces\MAVEN_REPO\org\springframework\boot\spring-boot-starter-jdbc\2.0.4.RELEASE\spring-boot-starter-jdbc-2.0.4.RELEASE.jar;C:\eclipse-workspaces\MAVEN_REPO\com\zaxxer\HikariCP\2.7.9\HikariCP-2.7.9.jar;C:\eclipse-workspaces\MAVEN_REPO\org\springframework\spring-jdbc\5.0.8.RELEASE\spring-jdbc-5.0.8.RELEASE.jar;C:\eclipse-workspaces\MAVEN_REPO\org\hibernate\hibernate-core\5.2.17.Final\hibernate-core-5.2.17.Final.jar;C:\eclipse-workspaces\MAVEN_REPO\org\jboss\logging\jboss-logging\3.3.2.Final\jboss-logging-3.3.2.Final.jar;C:\eclipse-workspaces\MAVEN_REPO\org\hibernate\javax\persistence\hibernate-jpa-2.1-api\1.0.2.Final\hibernate-jpa-2.1-api-1.0.2.Final.jar;C:\eclipse-workspaces\MAVEN_REPO\org\javassist\javassist\3.22.0-GA\javassist-3.22.0-GA.jar;C:\eclipse-workspaces\MAVEN_REPO\antlr\antlr\2.7.7\antlr-2.7.7.jar;C:\eclipse-workspaces\MAVEN_REPO\org\jboss\jandex\2.0.3.Final\jandex-2.0.3.Final.jar;C:\eclipse-workspaces\MAVEN_REPO\com\fasterxml\classmate\1.3.4\classmate-1.3.4.jar;C:\eclipse-workspaces\MAVEN_REPO\dom4j\dom4j\1.6.1\dom4j-1.6.1.jar;C:\eclipse-workspaces\MAVEN_REPO\org\hibernate\common\hibernate-commons-annotations\5.0.1.Final\hibernate-commons-annotations-5.0.1.Final.jar;C:\eclipse-workspaces\MAVEN_REPO\javax\transaction\javax.transaction-api\1.2\javax.transaction-api-1.2.jar;C:\eclipse-workspaces\MAVEN_REPO\org\springframework\data\spring-data-jpa\2.0.9.RELEASE\spring-data-jpa-2.0.9.RELEASE.jar;C:\eclipse-workspaces\MAVEN_REPO\org\springframework\data\spring-data-commons\2.0.9.RELEASE\spring-data-commons-2.0.9.RELEASE.jar;C:\eclipse-workspaces\MAVEN_REPO\org\springframework\spring-orm\5.0.8.RELEASE\spring-orm-5.0.8.RELEASE.jar;C:\eclipse-workspaces\MAVEN_REPO\org\springframework\spring-context\5.0.8.RELEASE\spring-context-5.0.8.RELEASE.jar;C:\eclipse-workspaces\MAVEN_REPO\org\springframework\spring-tx\5.0.8.RELEASE\spring-tx-5.0.8.RELEASE.jar;C:\eclipse-workspaces\MAVEN_REPO\org\springframework\spring-beans\5.0.8.RELEASE\spring-beans-5.0.8.RELEASE.jar;C:\eclipse-workspaces\MAVEN_REPO\org\slf4j\slf4j-api\1.7.25\slf4j-api-1.7.25.jar;C:\eclipse-workspaces\MAVEN_REPO\org\springframework\spring-aspects\5.0.8.RELEASE\spring-aspects-5.0.8.RELEASE.jar;C:\eclipse-workspaces\MAVEN_REPO\org\springframework\boot\spring-boot-starter-web\2.0.4.RELEASE\spring-boot-starter-web-2.0.4.RELEASE.jar;C:\eclipse-workspaces\MAVEN_REPO\org\springframework\boot\spring-boot-starter-json\2.0.4.RELEASE\spring-boot-starter-json-2.0.4.RELEASE.jar;C:\eclipse-workspaces\MAVEN_REPO\com\fasterxml\jackson\core\jackson-databind\2.9.6\jackson-databind-2.9.6.jar;C:\eclipse-workspaces\MAVEN_REPO\com\fasterxml\jackson\core\jackson-annotations\2.9.0\jackson-annotations-2.9.0.jar;C:\eclipse-workspaces\MAVEN_REPO\com\fasterxml\jackson\core\jackson-core\2.9.6\jackson-core-2.9.6.jar;C:\eclipse-workspaces\MAVEN_REPO\com\fasterxml\jackson\datatype\jackson-datatype-jdk8\2.9.6\jackson-datatype-jdk8-2.9.6.jar;C:\eclipse-workspaces\MAVEN_REPO\com\fasterxml\jackson\datatype\jackson-datatype-jsr310\2.9.6\jackson-datatype-jsr310-2.9.6.jar;C:\eclipse-workspaces\MAVEN_REPO\com\fasterxml\jackson\module\jackson-module-parameter-names\2.9.6\jackson-module-parameter-names-2.9.6.jar;C:\eclipse-workspaces\MAVEN_REPO\org\springframework\boot\spring-boot-starter-tomcat\2.0.4.RELEASE\spring-boot-starter-tomcat-2.0.4.RELEASE.jar;C:\eclipse-workspaces\MAVEN_REPO\org\apache\tomcat\embed\tomcat-embed-websocket\8.5.32\tomcat-embed-websocket-8.5.32.jar;C:\eclipse-workspaces\MAVEN_REPO\org\hibernate\validator\hibernate-validator\6.0.11.Final\hibernate-validator-6.0.11.Final.jar;C:\eclipse-workspaces\MAVEN_REPO\javax\validation\validation-api\2.0.1.Final\validation-api-2.0.1.Final.jar;C:\eclipse-workspaces\MAVEN_REPO\org\springframework\spring-web\5.0.8.RELEASE\spring-web-5.0.8.RELEASE.jar;C:\eclipse-workspaces\MAVEN_REPO\org\springframework\spring-webmvc\5.0.8.RELEASE\spring-webmvc-5.0.8.RELEASE.jar;C:\eclipse-workspaces\MAVEN_REPO\org\springframework\spring-expression\5.0.8.RELEASE\spring-expression-5.0.8.RELEASE.jar;C:\eclipse-workspaces\MAVEN_REPO\org\springframework\boot\spring-boot-devtools\2.0.4.RELEASE\spring-boot-devtools-2.0.4.RELEASE.jar;C:\eclipse-workspaces\MAVEN_REPO\org\springframework\boot\spring-boot\2.0.4.RELEASE\spring-boot-2.0.4.RELEASE.jar;C:\eclipse-workspaces\MAVEN_REPO\org\springframework\boot\spring-boot-autoconfigure\2.0.4.RELEASE\spring-boot-autoconfigure-2.0.4.RELEASE.jar;C:\eclipse-workspaces\MAVEN_REPO\org\springframework\boot\spring-boot-starter-test\2.0.4.RELEASE\spring-boot-starter-test-2.0.4.RELEASE.jar;C:\eclipse-workspaces\MAVEN_REPO\org\springframework\boot\spring-boot-test\2.0.4.RELEASE\spring-boot-test-2.0.4.RELEASE.jar;C:\eclipse-workspaces\MAVEN_REPO\org\springframework\boot\spring-boot-test-autoconfigure\2.0.4.RELEASE\spring-boot-test-autoconfigure-2.0.4.RELEASE.jar;C:\eclipse-workspaces\MAVEN_REPO\com\jayway\jsonpath\json-path\2.4.0\json-path-2.4.0.jar;C:\eclipse-workspaces\MAVEN_REPO\net\minidev\json-smart\2.3\json-smart-2.3.jar;C:\eclipse-workspaces\MAVEN_REPO\net\minidev\accessors-smart\1.2\accessors-smart-1.2.jar;C:\eclipse-workspaces\MAVEN_REPO\org\ow2\asm\asm\5.0.4\asm-5.0.4.jar;C:\eclipse-workspaces\MAVEN_REPO\junit\junit\4.12\junit-4.12.jar;C:\eclipse-workspaces\MAVEN_REPO\org\assertj\assertj-core\3.9.1\assertj-core-3.9.1.jar;C:\eclipse-workspaces\MAVEN_REPO\org\mockito\mockito-core\2.15.0\mockito-core-2.15.0.jar;C:\eclipse-workspaces\MAVEN_REPO\net\bytebuddy\byte-buddy\1.7.11\byte-buddy-1.7.11.jar;C:\eclipse-workspaces\MAVEN_REPO\net\bytebuddy\byte-buddy-agent\1.7.11\byte-buddy-agent-1.7.11.jar;C:\eclipse-workspaces\MAVEN_REPO\org\objenesis\objenesis\2.6\objenesis-2.6.jar;C:\eclipse-workspaces\MAVEN_REPO\org\hamcrest\hamcrest-core\1.3\hamcrest-core-1.3.jar;C:\eclipse-workspaces\MAVEN_REPO\org\hamcrest\hamcrest-library\1.3\hamcrest-library-1.3.jar;C:\eclipse-workspaces\MAVEN_REPO\org\skyscreamer\jsonassert\1.5.0\jsonassert-1.5.0.jar;C:\eclipse-workspaces\MAVEN_REPO\com\vaadin\external\google\android-json\0.0.20131108.vaadin1\android-json-0.0.20131108.vaadin1.jar;C:\eclipse-workspaces\MAVEN_REPO\org\springframework\spring-core\5.0.8.RELEASE\spring-core-5.0.8.RELEASE.jar;C:\eclipse-workspaces\MAVEN_REPO\org\springframework\spring-jcl\5.0.8.RELEASE\spring-jcl-5.0.8.RELEASE.jar;C:\eclipse-workspaces\MAVEN_REPO\org\springframework\spring-test\5.0.8.RELEASE\spring-test-5.0.8.RELEASE.jar;C:\eclipse-workspaces\MAVEN_REPO\org\xmlunit\xmlunit-core\2.5.1\xmlunit-core-2.5.1.jar;C:\eclipse-workspaces\MAVEN_REPO\org\apache\tomcat\embed\tomcat-embed-jasper\8.5.32\tomcat-embed-jasper-8.5.32.jar;C:\eclipse-workspaces\MAVEN_REPO\org\apache\tomcat\embed\tomcat-embed-core\8.5.32\tomcat-embed-core-8.5.32.jar;C:\eclipse-workspaces\MAVEN_REPO\org\apache\tomcat\tomcat-annotations-api\8.5.32\tomcat-annotations-api-8.5.32.jar;C:\eclipse-workspaces\MAVEN_REPO\org\apache\tomcat\embed\tomcat-embed-el\8.5.32\tomcat-embed-el-8.5.32.jar;C:\eclipse-workspaces\MAVEN_REPO\org\eclipse\jdt\ecj\3.12.3\ecj-3.12.3.jar;C:\eclipse-workspaces\MAVEN_REPO\javax\servlet\jstl\1.2\jstl-1.2.jar;C:\eclipse-workspaces\MAVEN_REPO\javax\servlet\javax.servlet-api\3.1.0\javax.servlet-api-3.1.0.jar;C:\eclipse-workspaces\MAVEN_REPO\com\sun\faces\jsf-api\2.2.8\jsf-api-2.2.8.jar;C:\eclipse-workspaces\MAVEN_REPO\com\sun\faces\jsf-impl\2.2.8\jsf-impl-2.2.8.jar;C:\eclipse-workspaces\MAVEN_REPO\com\h2database\h2\1.4.197\h2-1.4.197.jar;"/>
    <property name="java.vm.vendor" value="Oracle Corporation"/>
    <property name="sun.arch.data.model" value="64"/>
    <property name="user.variant" value=""/>
    <property name="java.vendor.url" value="http://java.oracle.com/"/>
    <property name="user.timezone" value=""/>
    <property name="user.country.format" value="DE"/>
    <property name="java.vm.specification.version" value="1.8"/>
    <property name="os.name" value="Windows 7"/>
    <property name="user.country" value="US"/>
    <property name="sun.java.launcher" value="SUN_STANDARD"/>
    <property name="sun.boot.library.path" value="C:\Tools\Java\jdk1.8.0_181\jre\bin"/>
    <property name="sun.java.command" value="C:\Users\babo009\AppData\Local\Temp\surefire6046565753258159830\surefirebooter8503554579224011388.jar C:\Users\babo009\AppData\Local\Temp\surefire6046565753258159830 2018-08-17T11-34-56_286-jvmRun1 surefire6486033487072931970tmp surefire_03613331748669349021tmp"/>
    <property name="surefire.test.class.path" value="C:\eclipse-workspaces\neon-workspace\BugSystem\target\test-classes;C:\eclipse-workspaces\neon-workspace\BugSystem\target\classes;C:\eclipse-workspaces\MAVEN_REPO\org\springframework\boot\spring-boot-starter-data-jpa\2.0.4.RELEASE\spring-boot-starter-data-jpa-2.0.4.RELEASE.jar;C:\eclipse-workspaces\MAVEN_REPO\org\springframework\boot\spring-boot-starter\2.0.4.RELEASE\spring-boot-starter-2.0.4.RELEASE.jar;C:\eclipse-workspaces\MAVEN_REPO\org\springframework\boot\spring-boot-starter-logging\2.0.4.RELEASE\spring-boot-starter-logging-2.0.4.RELEASE.jar;C:\eclipse-workspaces\MAVEN_REPO\ch\qos\logback\logback-classic\1.2.3\logback-classic-1.2.3.jar;C:\eclipse-workspaces\MAVEN_REPO\ch\qos\logback\logback-core\1.2.3\logback-core-1.2.3.jar;C:\eclipse-workspaces\MAVEN_REPO\org\apache\logging\log4j\log4j-to-slf4j\2.10.0\log4j-to-slf4j-2.10.0.jar;C:\eclipse-workspaces\MAVEN_REPO\org\apache\logging\log4j\log4j-api\2.10.0\log4j-api-2.10.0.jar;C:\eclipse-workspaces\MAVEN_REPO\org\slf4j\jul-to-slf4j\1.7.25\jul-to-slf4j-1.7.25.jar;C:\eclipse-workspaces\MAVEN_REPO\javax\annotation\javax.annotation-api\1.3.2\javax.annotation-api-1.3.2.jar;C:\eclipse-workspaces\MAVEN_REPO\org\yaml\snakeyaml\1.19\snakeyaml-1.19.jar;C:\eclipse-workspaces\MAVEN_REPO\org\springframework\boot\spring-boot-starter-aop\2.0.4.RELEASE\spring-boot-starter-aop-2.0.4.RELEASE.jar;C:\eclipse-workspaces\MAVEN_REPO\org\springframework\spring-aop\5.0.8.RELEASE\spring-aop-5.0.8.RELEASE.jar;C:\eclipse-workspaces\MAVEN_REPO\org\aspectj\aspectjweaver\1.8.13\aspectjweaver-1.8.13.jar;C:\eclipse-workspaces\MAVEN_REPO\org\springframework\boot\spring-boot-starter-jdbc\2.0.4.RELEASE\spring-boot-starter-jdbc-2.0.4.RELEASE.jar;C:\eclipse-workspaces\MAVEN_REPO\com\zaxxer\HikariCP\2.7.9\HikariCP-2.7.9.jar;C:\eclipse-workspaces\MAVEN_REPO\org\springframework\spring-jdbc\5.0.8.RELEASE\spring-jdbc-5.0.8.RELEASE.jar;C:\eclipse-workspaces\MAVEN_REPO\org\hibernate\hibernate-core\5.2.17.Final\hibernate-core-5.2.17.Final.jar;C:\eclipse-workspaces\MAVEN_REPO\org\jboss\logging\jboss-logging\3.3.2.Final\jboss-logging-3.3.2.Final.jar;C:\eclipse-workspaces\MAVEN_REPO\org\hibernate\javax\persistence\hibernate-jpa-2.1-api\1.0.2.Final\hibernate-jpa-2.1-api-1.0.2.Final.jar;C:\eclipse-workspaces\MAVEN_REPO\org\javassist\javassist\3.22.0-GA\javassist-3.22.0-GA.jar;C:\eclipse-workspaces\MAVEN_REPO\antlr\antlr\2.7.7\antlr-2.7.7.jar;C:\eclipse-workspaces\MAVEN_REPO\org\jboss\jandex\2.0.3.Final\jandex-2.0.3.Final.jar;C:\eclipse-workspaces\MAVEN_REPO\com\fasterxml\classmate\1.3.4\classmate-1.3.4.jar;C:\eclipse-workspaces\MAVEN_REPO\dom4j\dom4j\1.6.1\dom4j-1.6.1.jar;C:\eclipse-workspaces\MAVEN_REPO\org\hibernate\common\hibernate-commons-annotations\5.0.1.Final\hibernate-commons-annotations-5.0.1.Final.jar;C:\eclipse-workspaces\MAVEN_REPO\javax\transaction\javax.transaction-api\1.2\javax.transaction-api-1.2.jar;C:\eclipse-workspaces\MAVEN_REPO\org\springframework\data\spring-data-jpa\2.0.9.RELEASE\spring-data-jpa-2.0.9.RELEASE.jar;C:\eclipse-workspaces\MAVEN_REPO\org\springframework\data\spring-data-commons\2.0.9.RELEASE\spring-data-commons-2.0.9.RELEASE.jar;C:\eclipse-workspaces\MAVEN_REPO\org\springframework\spring-orm\5.0.8.RELEASE\spring-orm-5.0.8.RELEASE.jar;C:\eclipse-workspaces\MAVEN_REPO\org\springframework\spring-context\5.0.8.RELEASE\spring-context-5.0.8.RELEASE.jar;C:\eclipse-workspaces\MAVEN_REPO\org\springframework\spring-tx\5.0.8.RELEASE\spring-tx-5.0.8.RELEASE.jar;C:\eclipse-workspaces\MAVEN_REPO\org\springframework\spring-beans\5.0.8.RELEASE\spring-beans-5.0.8.RELEASE.jar;C:\eclipse-workspaces\MAVEN_REPO\org\slf4j\slf4j-api\1.7.25\slf4j-api-1.7.25.jar;C:\eclipse-workspaces\MAVEN_REPO\org\springframework\spring-aspects\5.0.8.RELEASE\spring-aspects-5.0.8.RELEASE.jar;C:\eclipse-workspaces\MAVEN_REPO\org\springframework\boot\spring-boot-starter-web\2.0.4.RELEASE\spring-boot-starter-web-2.0.4.RELEASE.jar;C:\eclipse-workspaces\MAVEN_REPO\org\springframework\boot\spring-boot-starter-json\2.0.4.RELEASE\spring-boot-starter-json-2.0.4.RELEASE.jar;C:\eclipse-workspaces\MAVEN_REPO\com\fasterxml\jackson\core\jackson-databind\2.9.6\jackson-databind-2.9.6.jar;C:\eclipse-workspaces\MAVEN_REPO\com\fasterxml\jackson\core\jackson-annotations\2.9.0\jackson-annotations-2.9.0.jar;C:\eclipse-workspaces\MAVEN_REPO\com\fasterxml\jackson\core\jackson-core\2.9.6\jackson-core-2.9.6.jar;C:\eclipse-workspaces\MAVEN_REPO\com\fasterxml\jackson\datatype\jackson-datatype-jdk8\2.9.6\jackson-datatype-jdk8-2.9.6.jar;C:\eclipse-workspaces\MAVEN_REPO\com\fasterxml\jackson\datatype\jackson-datatype-jsr310\2.9.6\jackson-datatype-jsr310-2.9.6.jar;C:\eclipse-workspaces\MAVEN_REPO\com\fasterxml\jackson\module\jackson-module-parameter-names\2.9.6\jackson-module-parameter-names-2.9.6.jar;C:\eclipse-workspaces\MAVEN_REPO\org\springframework\boot\spring-boot-starter-tomcat\2.0.4.RELEASE\spring-boot-starter-tomcat-2.0.4.RELEASE.jar;C:\eclipse-workspaces\MAVEN_REPO\org\apache\tomcat\embed\tomcat-embed-websocket\8.5.32\tomcat-embed-websocket-8.5.32.jar;C:\eclipse-workspaces\MAVEN_REPO\org\hibernate\validator\hibernate-validator\6.0.11.Final\hibernate-validator-6.0.11.Final.jar;C:\eclipse-workspaces\MAVEN_REPO\javax\validation\validation-api\2.0.1.Final\validation-api-2.0.1.Final.jar;C:\eclipse-workspaces\MAVEN_REPO\org\springframework\spring-web\5.0.8.RELEASE\spring-web-5.0.8.RELEASE.jar;C:\eclipse-workspaces\MAVEN_REPO\org\springframework\spring-webmvc\5.0.8.RELEASE\spring-webmvc-5.0.8.RELEASE.jar;C:\eclipse-workspaces\MAVEN_REPO\org\springframework\spring-expression\5.0.8.RELEASE\spring-expression-5.0.8.RELEASE.jar;C:\eclipse-workspaces\MAVEN_REPO\org\springframework\boot\spring-boot-devtools\2.0.4.RELEASE\spring-boot-devtools-2.0.4.RELEASE.jar;C:\eclipse-workspaces\MAVEN_REPO\org\springframework\boot\spring-boot\2.0.4.RELEASE\spring-boot-2.0.4.RELEASE.jar;C:\eclipse-workspaces\MAVEN_REPO\org\springframework\boot\spring-boot-autoconfigure\2.0.4.RELEASE\spring-boot-autoconfigure-2.0.4.RELEASE.jar;C:\eclipse-workspaces\MAVEN_REPO\org\springframework\boot\spring-boot-starter-test\2.0.4.RELEASE\spring-boot-starter-test-2.0.4.RELEASE.jar;C:\eclipse-workspaces\MAVEN_REPO\org\springframework\boot\spring-boot-test\2.0.4.RELEASE\spring-boot-test-2.0.4.RELEASE.jar;C:\eclipse-workspaces\MAVEN_REPO\org\springframework\boot\spring-boot-test-autoconfigure\2.0.4.RELEASE\spring-boot-test-autoconfigure-2.0.4.RELEASE.jar;C:\eclipse-workspaces\MAVEN_REPO\com\jayway\jsonpath\json-path\2.4.0\json-path-2.4.0.jar;C:\eclipse-workspaces\MAVEN_REPO\net\minidev\json-smart\2.3\json-smart-2.3.jar;C:\eclipse-workspaces\MAVEN_REPO\net\minidev\accessors-smart\1.2\accessors-smart-1.2.jar;C:\eclipse-workspaces\MAVEN_REPO\org\ow2\asm\asm\5.0.4\asm-5.0.4.jar;C:\eclipse-workspaces\MAVEN_REPO\junit\junit\4.12\junit-4.12.jar;C:\eclipse-workspaces\MAVEN_REPO\org\assertj\assertj-core\3.9.1\assertj-core-3.9.1.jar;C:\eclipse-workspaces\MAVEN_REPO\org\mockito\mockito-core\2.15.0\mockito-core-2.15.0.jar;C:\eclipse-workspaces\MAVEN_REPO\net\bytebuddy\byte-buddy\1.7.11\byte-buddy-1.7.11.jar;C:\eclipse-workspaces\MAVEN_REPO\net\bytebuddy\byte-buddy-agent\1.7.11\byte-buddy-agent-1.7.11.jar;C:\eclipse-workspaces\MAVEN_REPO\org\objenesis\objenesis\2.6\objenesis-2.6.jar;C:\eclipse-workspaces\MAVEN_REPO\org\hamcrest\hamcrest-core\1.3\hamcrest-core-1.3.jar;C:\eclipse-workspaces\MAVEN_REPO\org\hamcrest\hamcrest-library\1.3\hamcrest-library-1.3.jar;C:\eclipse-workspaces\MAVEN_REPO\org\skyscreamer\jsonassert\1.5.0\jsonassert-1.5.0.jar;C:\eclipse-workspaces\MAVEN_REPO\com\vaadin\external\google\android-json\0.0.20131108.vaadin1\android-json-0.0.20131108.vaadin1.jar;C:\eclipse-workspaces\MAVEN_REPO\org\springframework\spring-core\5.0.8.RELEASE\spring-core-5.0.8.RELEASE.jar;C:\eclipse-workspaces\MAVEN_REPO\org\springframework\spring-jcl\5.0.8.RELEASE\spring-jcl-5.0.8.RELEASE.jar;C:\eclipse-workspaces\MAVEN_REPO\org\springframework\spring-test\5.0.8.RELEASE\spring-test-5.0.8.RELEASE.jar;C:\eclipse-workspaces\MAVEN_REPO\org\xmlunit\xmlunit-core\2.5.1\xmlunit-core-2.5.1.jar;C:\eclipse-workspaces\MAVEN_REPO\org\apache\tomcat\embed\tomcat-embed-jasper\8.5.32\tomcat-embed-jasper-8.5.32.jar;C:\eclipse-workspaces\MAVEN_REPO\org\apache\tomcat\embed\tomcat-embed-core\8.5.32\tomcat-embed-core-8.5.32.jar;C:\eclipse-workspaces\MAVEN_REPO\org\apache\tomcat\tomcat-annotations-api\8.5.32\tomcat-annotations-api-8.5.32.jar;C:\eclipse-workspaces\MAVEN_REPO\org\apache\tomcat\embed\tomcat-embed-el\8.5.32\tomcat-embed-el-8.5.32.jar;C:\eclipse-workspaces\MAVEN_REPO\org\eclipse\jdt\ecj\3.12.3\ecj-3.12.3.jar;C:\eclipse-workspaces\MAVEN_REPO\javax\servlet\jstl\1.2\jstl-1.2.jar;C:\eclipse-workspaces\MAVEN_REPO\javax\servlet\javax.servlet-api\3.1.0\javax.servlet-api-3.1.0.jar;C:\eclipse-workspaces\MAVEN_REPO\com\sun\faces\jsf-api\2.2.8\jsf-api-2.2.8.jar;C:\eclipse-workspaces\MAVEN_REPO\com\sun\faces\jsf-impl\2.2.8\jsf-impl-2.2.8.jar;C:\eclipse-workspaces\MAVEN_REPO\com\h2database\h2\1.4.197\h2-1.4.197.jar;"/>
    <property name="sun.cpu.endian" value="little"/>
    <property name="user.home" value="C:\Users\babo009"/>
    <property name="user.language" value="en"/>
    <property name="java.specification.vendor" value="Oracle Corporation"/>
    <property name="java.home" value="C:\Tools\Java\jdk1.8.0_181\jre"/>
    <property name="basedir" value="C:\eclipse-workspaces\neon-workspace\BugSystem"/>
    <property name="file.separator" value="\"/>
    <property name="line.separator" value="&#10;"/>
    <property name="java.vm.specification.vendor" value="Oracle Corporation"/>
    <property name="java.specification.name" value="Java Platform API Specification"/>
    <property name="java.awt.graphicsenv" value="sun.awt.Win32GraphicsEnvironment"/>
    <property name="surefire.real.class.path" value="C:\Users\babo009\AppData\Local\Temp\surefire6046565753258159830\surefirebooter8503554579224011388.jar"/>
    <property name="sun.boot.class.path" value="C:\Tools\Java\jdk1.8.0_181\jre\lib\resources.jar;C:\Tools\Java\jdk1.8.0_181\jre\lib\rt.jar;C:\Tools\Java\jdk1.8.0_181\jre\lib\sunrsasign.jar;C:\Tools\Java\jdk1.8.0_181\jre\lib\jsse.jar;C:\Tools\Java\jdk1.8.0_181\jre\lib\jce.jar;C:\Tools\Java\jdk1.8.0_181\jre\lib\charsets.jar;C:\Tools\Java\jdk1.8.0_181\jre\lib\jfr.jar;C:\Tools\Java\jdk1.8.0_181\jre\classes"/>
    <property name="user.script" value=""/>
    <property name="sun.management.compiler" value="HotSpot 64-Bit Tiered Compilers"/>
    <property name="java.runtime.version" value="1.8.0_181-b13"/>
    <property name="user.name" value="babo009"/>
    <property name="path.separator" value=";"/>
    <property name="os.version" value="6.1"/>
    <property name="java.endorsed.dirs" value="C:\Tools\Java\jdk1.8.0_181\jre\lib\endorsed"/>
    <property name="java.runtime.name" value="Java(TM) SE Runtime Environment"/>
    <property name="file.encoding" value="Cp1252"/>
    <property name="java.vm.name" value="Java HotSpot(TM) 64-Bit Server VM"/>
    <property name="localRepository" value="C:\eclipse-workspaces\MAVEN_REPO"/>
    <property name="java.vendor.url.bug" value="http://bugreport.sun.com/bugreport/"/>
    <property name="java.io.tmpdir" value="C:\Users\babo009\AppData\Local\Temp\"/>
    <property name="java.version" value="1.8.0_181"/>
    <property name="user.dir" value="C:\eclipse-workspaces\neon-workspace\BugSystem"/>
    <property name="os.arch" value="amd64"/>
    <property name="java.vm.specification.name" value="Java Virtual Machine Specification"/>
    <property name="java.awt.printerjob" value="sun.awt.windows.WPrinterJob"/>
    <property name="user.language.format" value="de"/>
    <property name="sun.os.patch.level" value="Service Pack 1"/>
    <property name="java.library.path" value="C:\Tools\Java\jdk1.8.0_181\jre\bin;C:\Windows\Sun\Java\bin;C:\Windows\system32;C:\Windows;C:/Tools/Java/jdk1.8.0_181/bin/../jre/bin/server;C:/Tools/Java/jdk1.8.0_181/bin/../jre/bin;C:/Tools/Java/jdk1.8.0_181/bin/../jre/lib/amd64;C:\Program Files (x86)\RSA SecurID Token Common;C:\Program Files\RSA SecurID Token Common;C:\Windows\system32;C:\Windows;C:\Windows\System32\Wbem;C:\Windows\SysWOW64\Empirum;f:\start;C:\Tools\Java\jdk1.8.0_181\bin;C:\Tools\Maven\apache-maven-3.5.4\bin;C:\Program Files\TortoiseSVN\bin;C:\Program Files\Git\cmd;C:\Tools\HashiCorp\Vagrant\bin;C:\Windows\System32\WindowsPowerShell\v1.0\;C:\Windows\System32\WindowsPowerShell\v1.0\;C:\Program Files (x86)\Microsoft SQL Server\Client SDK\ODBC\130\Tools\Binn\;C:\Program Files (x86)\Microsoft SQL Server\140\Tools\Binn\;C:\Program Files (x86)\Microsoft SQL Server\140\DTS\Binn\;C:\Program Files (x86)\Microsoft SQL Server\140\Tools\Binn\ManagementStudio\;C:\Program Files\Docker Toolbox;C:\Tools\eclipse;;."/>
    <property name="java.vm.info" value="mixed mode"/>
    <property name="java.vendor" value="Oracle Corporation"/>
    <property name="java.vm.version" value="25.181-b13"/>
    <property name="java.ext.dirs" value="C:\Tools\Java\jdk1.8.0_181\jre\lib\ext;C:\Windows\Sun\Java\lib\ext"/>
    <property name="sun.io.unicode.encoding" value="UnicodeLittle"/>
    <property name="java.class.version" value="52.0"/>
  </properties>
  <testcase name="contextLoads" classname="com.arvato.baboci.BugSystem.BugSystemApplicationTests" time="0.119"/>
</testsuite>